<?xml version="1.0" encoding="UTF-8"?>
<coverage generated="1578876182">
  <project timestamp="1578876182">
    <package name="LuminateOne\RevisionTracking\Models">
      <file name="D:\wamp_drupal\www\yiming\laravel-revision-tracking\src\Models\Revision.php">
        <class name="LuminateOne\RevisionTracking\Models\Revision" namespace="LuminateOne\RevisionTracking\Models" fullPackage="LuminateOne" package="LuminateOne">
          <metrics complexity="4" methods="4" coveredmethods="4" conditionals="0" coveredconditionals="0" statements="4" coveredstatements="4" elements="8" coveredelements="8"/>
        </class>
        <line num="23" type="method" name="getRevisionIdentifierAttribute" visibility="public" complexity="1" crap="1" count="4"/>
        <line num="25" type="stmt" count="4"/>
        <line num="34" type="method" name="getOriginalValuesAttribute" visibility="public" complexity="1" crap="1" count="6"/>
        <line num="36" type="stmt" count="6"/>
        <line num="45" type="method" name="setRevisionIdentifierAttribute" visibility="public" complexity="1" crap="1" count="16"/>
        <line num="47" type="stmt" count="16"/>
        <line num="56" type="method" name="setOriginalValuesAttribute" visibility="public" complexity="1" crap="1" count="16"/>
        <line num="58" type="stmt" count="16"/>
        <metrics loc="59" ncloc="28" classes="1" methods="4" coveredmethods="4" conditionals="0" coveredconditionals="0" statements="4" coveredstatements="4" elements="8" coveredelements="8"/>
      </file>
    </package>
    <package name="LuminateOne\RevisionTracking\Providers">
      <file name="D:\wamp_drupal\www\yiming\laravel-revision-tracking\src\Providers\RevisionServiceProvider.php">
        <class name="LuminateOne\RevisionTracking\Providers\RevisionServiceProvider" namespace="LuminateOne\RevisionTracking\Providers">
          <metrics complexity="3" methods="2" coveredmethods="2" conditionals="0" coveredconditionals="0" statements="9" coveredstatements="9" elements="11" coveredelements="11"/>
        </class>
        <line num="9" type="method" name="register" visibility="public" complexity="1" crap="1" count="20"/>
        <line num="11" type="stmt" count="20"/>
        <line num="14" type="method" name="boot" visibility="public" complexity="2" crap="2" count="20"/>
        <line num="16" type="stmt" count="20"/>
        <line num="17" type="stmt" count="20"/>
        <line num="18" type="stmt" count="20"/>
        <line num="20" type="stmt" count="20"/>
        <line num="21" type="stmt" count="20"/>
        <line num="22" type="stmt" count="20"/>
        <line num="24" type="stmt" count="20"/>
        <line num="25" type="stmt" count="20"/>
        <metrics loc="28" ncloc="28" classes="1" methods="2" coveredmethods="2" conditionals="0" coveredconditionals="0" statements="9" coveredstatements="9" elements="11" coveredelements="11"/>
      </file>
    </package>
    <package name="LuminateOne\RevisionTracking">
      <file name="D:\wamp_drupal\www\yiming\laravel-revision-tracking\src\RevisionTracking.php">
        <class name="LuminateOne\RevisionTracking\RevisionTracking" namespace="LuminateOne\RevisionTracking">
          <metrics complexity="7" methods="3" coveredmethods="3" conditionals="0" coveredconditionals="0" statements="21" coveredstatements="21" elements="24" coveredelements="24"/>
        </class>
        <line num="18" type="method" name="eloquentDiff" visibility="public" complexity="2" crap="2" count="18"/>
        <line num="20" type="stmt" count="18"/>
        <line num="22" type="stmt" count="18"/>
        <line num="23" type="stmt" count="18"/>
        <line num="25" type="stmt" count="18"/>
        <line num="27" type="stmt" count="18"/>
        <line num="28" type="stmt" count="18"/>
        <line num="31" type="stmt" count="18"/>
        <line num="34" type="stmt" count="18"/>
        <line num="45" type="method" name="eloquentStoreDiff" visibility="public" complexity="2" crap="2" count="18"/>
        <line num="47" type="stmt" count="18"/>
        <line num="49" type="stmt" count="16"/>
        <line num="50" type="stmt" count="8"/>
        <line num="53" type="stmt" count="16"/>
        <line num="54" type="stmt" count="16"/>
        <line num="56" type="stmt" count="16"/>
        <line num="67" type="method" name="eloquentDelete" visibility="public" complexity="3" crap="3" count="4"/>
        <line num="69" type="stmt" count="4"/>
        <line num="70" type="stmt" count="2"/>
        <line num="72" type="stmt" count="2"/>
        <line num="74" type="stmt" count="2"/>
        <line num="75" type="stmt" count="1"/>
        <line num="78" type="stmt" count="2"/>
        <line num="80" type="stmt" count="2"/>
        <metrics loc="82" ncloc="58" classes="1" methods="3" coveredmethods="3" conditionals="0" coveredconditionals="0" statements="21" coveredstatements="21" elements="24" coveredelements="24"/>
      </file>
    </package>
    <package name="LuminateOne\RevisionTracking\Traits">
      <file name="D:\wamp_drupal\www\yiming\laravel-revision-tracking\src\Traits\Revisionable.php">
        <class name="Revisionable" namespace="LuminateOne\RevisionTracking\Traits">
          <metrics complexity="14" methods="7" coveredmethods="7" conditionals="0" coveredconditionals="0" statements="36" coveredstatements="36" elements="43" coveredelements="43"/>
        </class>
        <line num="14" type="method" name="bootRevisionable" visibility="public" complexity="1" crap="1" count="20"/>
        <line num="17" type="stmt" count="20"/>
        <line num="18" type="stmt" count="20"/>
        <line num="21" type="stmt" count="4"/>
        <line num="22" type="stmt" count="20"/>
        <line num="30" type="method" name="trackChanges" visibility="public" complexity="2" crap="2" count="20"/>
        <line num="32" type="stmt" count="20"/>
        <line num="33" type="stmt" count="2"/>
        <line num="34" type="stmt" count="2"/>
        <line num="37" type="stmt" count="18"/>
        <line num="39" type="stmt" count="18"/>
        <line num="50" type="method" name="getRevision" visibility="public" complexity="1" crap="1" count="2"/>
        <line num="52" type="stmt" count="2"/>
        <line num="61" type="method" name="allRevisions" visibility="public" complexity="2" crap="2" count="16"/>
        <line num="63" type="stmt" count="16"/>
        <line num="66" type="stmt" count="16"/>
        <line num="67" type="stmt" count="8"/>
        <line num="68" type="stmt" count="8"/>
        <line num="70" type="stmt" count="8"/>
        <line num="73" type="stmt" count="16"/>
        <line num="75" type="stmt" count="16"/>
        <line num="88" type="method" name="rollback" visibility="public" complexity="4" crap="4" count="6"/>
        <line num="90" type="stmt" count="6"/>
        <line num="92" type="stmt" count="6"/>
        <line num="93" type="stmt" count="2"/>
        <line num="96" type="stmt" count="4"/>
        <line num="97" type="stmt" count="4"/>
        <line num="100" type="stmt" count="4"/>
        <line num="102" type="stmt" count="4"/>
        <line num="103" type="stmt" count="2"/>
        <line num="114" type="method" name="getRevisionModel" visibility="public" complexity="3" crap="3" count="18"/>
        <line num="116" type="stmt" count="18"/>
        <line num="117" type="stmt" count="18"/>
        <line num="118" type="stmt" count="9"/>
        <line num="120" type="stmt" count="9"/>
        <line num="123" type="stmt" count="18"/>
        <line num="124" type="stmt" count="2"/>
        <line num="125" type="stmt" count="2"/>
        <line num="129" type="stmt" count="18"/>
        <line num="130" type="stmt" count="18"/>
        <line num="132" type="stmt" count="18"/>
        <line num="140" type="method" name="revisionMode" visibility="public" complexity="1" crap="1" count="20"/>
        <line num="142" type="stmt" count="20"/>
        <metrics loc="143" ncloc="97" classes="1" methods="7" coveredmethods="7" conditionals="0" coveredconditionals="0" statements="36" coveredstatements="36" elements="43" coveredelements="43"/>
      </file>
    </package>
    <metrics files="4" loc="312" ncloc="211" classes="4" methods="16" coveredmethods="16" conditionals="0" coveredconditionals="0" statements="70" coveredstatements="70" elements="86" coveredelements="86"/>
  </project>
</coverage>
